<?xml version="1.0" encoding="UTF-8"?>
<!-- Generated by org.testng.reporters.JUnitXMLReporter -->
<testsuite ignored="0" hostname="DESKTOP-0MGR9KI" failures="0" tests="4" name="Default test" time="31.741" errors="0" timestamp="2022-06-22T00:27:29 ICT">
  <testcase classname="com.nexsoft.appium.TestCalculator" name="test_functionTambah" time="3.94"/>
  <testcase classname="com.nexsoft.appium.TestCalculator" name="test_functionKurang" time="3.582"/>
  <testcase classname="com.nexsoft.appium.TestCalculator" name="test_functionKali" time="3.513"/>
  <testcase classname="com.nexsoft.appium.TestCalculator" name="test_functionBagi" time="4.0"/>
</testsuite> <!-- Default test -->
