<?xml version="1.0" encoding="UTF-8"?>
<!-- Generated by org.testng.reporters.JUnitXMLReporter -->
<testsuite ignored="0" hostname="DESKTOP-0MGR9KI" failures="0" tests="4" name="Default test" time="32.43" errors="0" timestamp="2022-07-09T18:27:28 ICT">
  <testcase classname="com.nexsoft.appium.TestCalculator" name="test_functionTambah" time="3.897"/>
  <testcase classname="com.nexsoft.appium.TestCalculator" name="test_functionKurang" time="3.498"/>
  <testcase classname="com.nexsoft.appium.TestCalculator" name="test_functionKali" time="3.305"/>
  <testcase classname="com.nexsoft.appium.TestCalculator" name="test_functionBagi" time="3.939"/>
</testsuite> <!-- Default test -->
